<?xml version="1.0" encoding="UTF-8"?>
<!-- Generated by org.testng.reporters.JUnitReportReporter -->
<testsuite hostname="DESKTOP-UNCQVLA" failures="0" tests="3" name="JavaStream" time="0.077" errors="0" timestamp="10 Jan 2022 08:49:32 GMT">
  <testcase classname="JavaStream" name="streamCollect" time="0.024"/>
  <testcase classname="JavaStream" name="streamMap" time="0.044"/>
  <testcase classname="JavaStream" name="teststreamfilter" time="0.009"/>
</testsuite> <!-- JavaStream -->
